<?xml version="1.0" encoding="UTF-8"?>

<mule xmlns:http="http://www.mulesoft.org/schema/mule/http" xmlns="http://www.mulesoft.org/schema/mule/core"
	xmlns:doc="http://www.mulesoft.org/schema/mule/documentation"
	xmlns:xsi="http://www.w3.org/2001/XMLSchema-instance" xsi:schemaLocation="http://www.mulesoft.org/schema/mule/core http://www.mulesoft.org/schema/mule/core/current/mule.xsd
http://www.mulesoft.org/schema/mule/http http://www.mulesoft.org/schema/mule/http/current/mule-http.xsd">
	<http:listener-config name="HTTP_Listener_config" doc:name="HTTP Listener config" doc:id="62f5134f-5c8e-4962-930a-37a6605bfba5" >
		<http:listener-connection host="0.0.0.0" port="8081" />
	</http:listener-config>
	<flow name="test-githubFlow" doc:id="c5c7d8ad-6eaf-4dc7-8555-6f0cc961eba1" >
		<http:listener doc:name="Listener" doc:id="4f7c3101-1a0c-4802-a47a-19791eca876c" config-ref="HTTP_Listener_config" path="/test"/>
		<logger level="INFO" doc:name="Logger" doc:id="b21a7718-4bb0-47e5-9c4d-2a98ddd275e0" />
	</flow>
</mule>
